<?xml version="1.0" encoding="UTF-8"?>
<!-- Generated by org.testng.reporters.JUnitXMLReporter -->
<testsuite hostname="User-ПК" ignored="0" name="Surefire test" tests="3" failures="0" timestamp="2020-08-05T13:56:44 BRT" time="126.297" errors="0">
  <testcase name="successfulLoginTest" time="14.809" classname="tests.LoginTests"/>
  <testcase name="emptyFieldsLoginTest" time="1.962" classname="tests.LoginTests"/>
  <testcase name="testGet" time="11.424" classname="apitesting.ApiShopTest"/>
</testsuite> <!-- Surefire test -->
