<?xml version="1.0" encoding="UTF-8"?>
<testsuite xmlns:xsi="http://www.w3.org/2001/XMLSchema-instance" xsi:noNamespaceSchemaLocation="https://maven.apache.org/surefire/maven-surefire-plugin/xsd/surefire-test-report.xsd" name="TestSuite" time="134.894" tests="3" errors="0" skipped="0" failures="0">
  <properties>
[...]
</properties>
  <testcase name="successfulLoginTest" classname="tests.LoginTests" time="14.675"/>
  <testcase name="emptyFieldsLoginTest" classname="tests.LoginTests" time="1.944"/>
  <testcase name="testGet" classname="apitesting.ApiShopTest" time="11.453"/>
</testsuite>